2026-06-02 00:04:50,070 - INFO - Date range: 2026-06-01 to 2026-06-02
2026-06-02 00:04:50,148 - INFO - Fetching XSMB from 2026-06-01 to 2026-06-02
2026-06-02 00:04:50,184 - INFO - Generated dataframes with data from 2025-08-08 to 2026-05-31
2026-06-02 00:04:50,185 - INFO - Successfully loaded existing data from data/xsmb.json
2026-06-02 00:04:50,185 - INFO - Fetching XSMB: 2026-06-01
2026-06-02 00:04:50,185 - INFO - Fetching URL: https://xoso.com.vn/xsmb-01-06-2026.html
2026-06-02 00:04:50,821 - INFO - Response status: 200
2026-06-02 00:04:50,848 - INFO - Successfully fetched data for 2026-06-01
2026-06-02 00:04:50,848 - INFO - Fetching XSMB: 2026-06-02
2026-06-02 00:04:50,848 - INFO - Fetching URL: https://xoso.com.vn/xsmb-02-06-2026.html
2026-06-02 00:04:51,060 - INFO - Response status: 200
2026-06-02 00:04:51,080 - ERROR - Could not find result table
2026-06-02 00:04:51,080 - WARNING - No data or invalid data for XSMB on 2026-06-02
2026-06-02 00:04:51,113 - INFO - Generated dataframes with data from 2025-08-08 to 2026-06-01
2026-06-02 00:04:51,122 - INFO - Saved 294 results to data/xsmb.json
2026-06-02 00:04:51,135 - INFO - Saved 294 records to data/xsmb.csv and data/xsmb.parquet
2026-06-02 00:04:51,141 - INFO - Saved 294 records to data/xsmb-2-digits.csv and data/xsmb-2-digits.parquet
2026-06-02 00:04:51,154 - INFO - Saved 294 records to data/xsmb-sparse.csv and data/xsmb-sparse.parquet
2026-06-02 00:04:51,183 - INFO - Successfully saved sparse data to data/xsmb-sparse.json
2026-06-02 00:04:51,183 - INFO - Successfully fetched 1/2 days of XSMB data
2026-06-02 00:04:51,184 - INFO - Lottery Data Fetch Summary:
XSMB: succeeded
